INFO: [VRFC 10-2263] Analyzing Verilog file "/home/vighnesh/project_4/project_4.sim/sim_1/synth/timing/xsim/ram_cell_time_synth.v" into library xil_defaultlib
INFO: [VRFC 10-311] analyzing module RAM32X1D_UNIQ_BASE_
INFO: [VRFC 10-311] analyzing module RAM32X1D_HD1
INFO: [VRFC 10-311] analyzing module RAM32X1D_HD10
INFO: [VRFC 10-311] analyzing module RAM32X1D_HD11
INFO: [VRFC 10-311] analyzing module RAM32X1D_HD12
INFO: [VRFC 10-311] analyzing module RAM32X1D_HD13
INFO: [VRFC 10-311] analyzing module RAM32X1D_HD14
INFO: [VRFC 10-311] analyzing module RAM32X1D_HD15
INFO: [VRFC 10-311] analyzing module RAM32X1D_HD16
INFO: [VRFC 10-311] analyzing module RAM32X1D_HD17
INFO: [VRFC 10-311] analyzing module RAM32X1D_HD18
INFO: [VRFC 10-311] analyzing module RAM32X1D_HD19
INFO: [VRFC 10-311] analyzing module RAM32X1D_HD2
INFO: [VRFC 10-311] analyzing module RAM32X1D_HD20
INFO: [VRFC 10-311] analyzing module RAM32X1D_HD21
INFO: [VRFC 10-311] analyzing module RAM32X1D_HD22
INFO: [VRFC 10-311] analyzing module RAM32X1D_HD23
INFO: [VRFC 10-311] analyzing module RAM32X1D_HD24
INFO: [VRFC 10-311] analyzing module RAM32X1D_HD25
INFO: [VRFC 10-311] analyzing module RAM32X1D_HD26
INFO: [VRFC 10-311] analyzing module RAM32X1D_HD27
INFO: [VRFC 10-311] analyzing module RAM32X1D_HD28
INFO: [VRFC 10-311] analyzing module RAM32X1D_HD29
INFO: [VRFC 10-311] analyzing module RAM32X1D_HD3
INFO: [VRFC 10-311] analyzing module RAM32X1D_HD30
INFO: [VRFC 10-311] analyzing module RAM32X1D_HD31
INFO: [VRFC 10-311] analyzing module RAM32X1D_HD4
INFO: [VRFC 10-311] analyzing module RAM32X1D_HD5
INFO: [VRFC 10-311] analyzing module RAM32X1D_HD6
INFO: [VRFC 10-311] analyzing module RAM32X1D_HD7
INFO: [VRFC 10-311] analyzing module RAM32X1D_HD8
INFO: [VRFC 10-311] analyzing module RAM32X1D_HD9
INFO: [VRFC 10-311] analyzing module dual_port_ram
INFO: [VRFC 10-311] analyzing module dual_port_ram_0
INFO: [VRFC 10-311] analyzing module dual_port_ram_1
INFO: [VRFC 10-311] analyzing module dual_port_ram_2
INFO: [VRFC 10-311] analyzing module mm_unit
INFO: [VRFC 10-311] analyzing module ram_cell
INFO: [VRFC 10-311] analyzing module simple_multiplier
INFO: [VRFC 10-311] analyzing module glbl
