INFO: [VRFC 10-2263] Analyzing Verilog file "/home/vighnesh/project_4/project_4.sim/sim_1/synth/timing/xsim/ram_cell_time_synth.v" into library xil_defaultlib
INFO: [VRFC 10-311] analyzing module RAM32X1D_UNIQ_BASE_
INFO: [VRFC 10-311] analyzing module RAM32X1D_HD1000
INFO: [VRFC 10-311] analyzing module RAM32X1D_HD1001
INFO: [VRFC 10-311] analyzing module RAM32X1D_HD1002
INFO: [VRFC 10-311] analyzing module RAM32X1D_HD1003
INFO: [VRFC 10-311] analyzing module RAM32X1D_HD1004
INFO: [VRFC 10-311] analyzing module RAM32X1D_HD1005
INFO: [VRFC 10-311] analyzing module RAM32X1D_HD1006
INFO: [VRFC 10-311] analyzing module RAM32X1D_HD1007
INFO: [VRFC 10-311] analyzing module RAM32X1D_HD1008
INFO: [VRFC 10-311] analyzing module RAM32X1D_HD1009
INFO: [VRFC 10-311] analyzing module RAM32X1D_HD1010
INFO: [VRFC 10-311] analyzing module RAM32X1D_HD1011
INFO: [VRFC 10-311] analyzing module RAM32X1D_HD1012
INFO: [VRFC 10-311] analyzing module RAM32X1D_HD1013
INFO: [VRFC 10-311] analyzing module RAM32X1D_HD1014
INFO: [VRFC 10-311] analyzing module RAM32X1D_HD1015
INFO: [VRFC 10-311] analyzing module RAM32X1D_HD1016
INFO: [VRFC 10-311] analyzing module RAM32X1D_HD1017
INFO: [VRFC 10-311] analyzing module RAM32X1D_HD1018
INFO: [VRFC 10-311] analyzing module RAM32X1D_HD1019
INFO: [VRFC 10-311] analyzing module RAM32X1D_HD1020
INFO: [VRFC 10-311] analyzing module RAM32X1D_HD766
INFO: [VRFC 10-311] analyzing module RAM32X1D_HD767
INFO: [VRFC 10-311] analyzing module RAM32X1D_HD768
INFO: [VRFC 10-311] analyzing module RAM32X1D_HD769
INFO: [VRFC 10-311] analyzing module RAM32X1D_HD770
INFO: [VRFC 10-311] analyzing module RAM32X1D_HD771
INFO: [VRFC 10-311] analyzing module RAM32X1D_HD772
INFO: [VRFC 10-311] analyzing module RAM32X1D_HD773
INFO: [VRFC 10-311] analyzing module RAM32X1D_HD774
INFO: [VRFC 10-311] analyzing module RAM32X1D_HD775
INFO: [VRFC 10-311] analyzing module RAM32X1D_HD776
INFO: [VRFC 10-311] analyzing module RAM32X1D_HD777
INFO: [VRFC 10-311] analyzing module RAM32X1D_HD778
INFO: [VRFC 10-311] analyzing module RAM32X1D_HD779
INFO: [VRFC 10-311] analyzing module RAM32X1D_HD780
INFO: [VRFC 10-311] analyzing module RAM32X1D_HD781
INFO: [VRFC 10-311] analyzing module RAM32X1D_HD782
INFO: [VRFC 10-311] analyzing module RAM32X1D_HD783
INFO: [VRFC 10-311] analyzing module RAM32X1D_HD784
INFO: [VRFC 10-311] analyzing module RAM32X1D_HD785
INFO: [VRFC 10-311] analyzing module RAM32X1D_HD786
INFO: [VRFC 10-311] analyzing module RAM32X1D_HD787
INFO: [VRFC 10-311] analyzing module RAM32X1D_HD788
INFO: [VRFC 10-311] analyzing module RAM32X1D_HD789
INFO: [VRFC 10-311] analyzing module RAM32X1D_HD790
INFO: [VRFC 10-311] analyzing module RAM32X1D_HD791
INFO: [VRFC 10-311] analyzing module RAM32X1D_HD792
INFO: [VRFC 10-311] analyzing module RAM32X1D_HD793
INFO: [VRFC 10-311] analyzing module RAM32X1D_HD794
INFO: [VRFC 10-311] analyzing module RAM32X1D_HD795
INFO: [VRFC 10-311] analyzing module RAM32X1D_HD796
INFO: [VRFC 10-311] analyzing module RAM32X1D_HD797
INFO: [VRFC 10-311] analyzing module RAM32X1D_HD798
INFO: [VRFC 10-311] analyzing module RAM32X1D_HD799
INFO: [VRFC 10-311] analyzing module RAM32X1D_HD800
INFO: [VRFC 10-311] analyzing module RAM32X1D_HD801
INFO: [VRFC 10-311] analyzing module RAM32X1D_HD802
INFO: [VRFC 10-311] analyzing module RAM32X1D_HD803
INFO: [VRFC 10-311] analyzing module RAM32X1D_HD804
INFO: [VRFC 10-311] analyzing module RAM32X1D_HD805
INFO: [VRFC 10-311] analyzing module RAM32X1D_HD806
INFO: [VRFC 10-311] analyzing module RAM32X1D_HD807
INFO: [VRFC 10-311] analyzing module RAM32X1D_HD808
INFO: [VRFC 10-311] analyzing module RAM32X1D_HD809
INFO: [VRFC 10-311] analyzing module RAM32X1D_HD810
INFO: [VRFC 10-311] analyzing module RAM32X1D_HD811
INFO: [VRFC 10-311] analyzing module RAM32X1D_HD812
INFO: [VRFC 10-311] analyzing module RAM32X1D_HD813
INFO: [VRFC 10-311] analyzing module RAM32X1D_HD814
INFO: [VRFC 10-311] analyzing module RAM32X1D_HD815
INFO: [VRFC 10-311] analyzing module RAM32X1D_HD816
INFO: [VRFC 10-311] analyzing module RAM32X1D_HD817
INFO: [VRFC 10-311] analyzing module RAM32X1D_HD818
INFO: [VRFC 10-311] analyzing module RAM32X1D_HD819
INFO: [VRFC 10-311] analyzing module RAM32X1D_HD820
INFO: [VRFC 10-311] analyzing module RAM32X1D_HD821
INFO: [VRFC 10-311] analyzing module RAM32X1D_HD822
INFO: [VRFC 10-311] analyzing module RAM32X1D_HD823
INFO: [VRFC 10-311] analyzing module RAM32X1D_HD824
INFO: [VRFC 10-311] analyzing module RAM32X1D_HD825
INFO: [VRFC 10-311] analyzing module RAM32X1D_HD826
INFO: [VRFC 10-311] analyzing module RAM32X1D_HD827
INFO: [VRFC 10-311] analyzing module RAM32X1D_HD828
INFO: [VRFC 10-311] analyzing module RAM32X1D_HD829
INFO: [VRFC 10-311] analyzing module RAM32X1D_HD830
INFO: [VRFC 10-311] analyzing module RAM32X1D_HD831
INFO: [VRFC 10-311] analyzing module RAM32X1D_HD832
INFO: [VRFC 10-311] analyzing module RAM32X1D_HD833
INFO: [VRFC 10-311] analyzing module RAM32X1D_HD834
INFO: [VRFC 10-311] analyzing module RAM32X1D_HD835
INFO: [VRFC 10-311] analyzing module RAM32X1D_HD836
INFO: [VRFC 10-311] analyzing module RAM32X1D_HD837
INFO: [VRFC 10-311] analyzing module RAM32X1D_HD838
INFO: [VRFC 10-311] analyzing module RAM32X1D_HD839
INFO: [VRFC 10-311] analyzing module RAM32X1D_HD840
INFO: [VRFC 10-311] analyzing module RAM32X1D_HD841
INFO: [VRFC 10-311] analyzing module RAM32X1D_HD842
INFO: [VRFC 10-311] analyzing module RAM32X1D_HD843
INFO: [VRFC 10-311] analyzing module RAM32X1D_HD844
INFO: [VRFC 10-311] analyzing module RAM32X1D_HD845
INFO: [VRFC 10-311] analyzing module RAM32X1D_HD846
INFO: [VRFC 10-311] analyzing module RAM32X1D_HD847
INFO: [VRFC 10-311] analyzing module RAM32X1D_HD848
INFO: [VRFC 10-311] analyzing module RAM32X1D_HD849
INFO: [VRFC 10-311] analyzing module RAM32X1D_HD850
INFO: [VRFC 10-311] analyzing module RAM32X1D_HD851
INFO: [VRFC 10-311] analyzing module RAM32X1D_HD852
INFO: [VRFC 10-311] analyzing module RAM32X1D_HD853
INFO: [VRFC 10-311] analyzing module RAM32X1D_HD854
INFO: [VRFC 10-311] analyzing module RAM32X1D_HD855
INFO: [VRFC 10-311] analyzing module RAM32X1D_HD856
INFO: [VRFC 10-311] analyzing module RAM32X1D_HD857
INFO: [VRFC 10-311] analyzing module RAM32X1D_HD858
INFO: [VRFC 10-311] analyzing module RAM32X1D_HD859
INFO: [VRFC 10-311] analyzing module RAM32X1D_HD860
INFO: [VRFC 10-311] analyzing module RAM32X1D_HD861
INFO: [VRFC 10-311] analyzing module RAM32X1D_HD862
INFO: [VRFC 10-311] analyzing module RAM32X1D_HD863
INFO: [VRFC 10-311] analyzing module RAM32X1D_HD864
INFO: [VRFC 10-311] analyzing module RAM32X1D_HD865
INFO: [VRFC 10-311] analyzing module RAM32X1D_HD866
INFO: [VRFC 10-311] analyzing module RAM32X1D_HD867
INFO: [VRFC 10-311] analyzing module RAM32X1D_HD868
INFO: [VRFC 10-311] analyzing module RAM32X1D_HD869
INFO: [VRFC 10-311] analyzing module RAM32X1D_HD870
INFO: [VRFC 10-311] analyzing module RAM32X1D_HD871
INFO: [VRFC 10-311] analyzing module RAM32X1D_HD872
INFO: [VRFC 10-311] analyzing module RAM32X1D_HD873
INFO: [VRFC 10-311] analyzing module RAM32X1D_HD874
INFO: [VRFC 10-311] analyzing module RAM32X1D_HD875
INFO: [VRFC 10-311] analyzing module RAM32X1D_HD876
INFO: [VRFC 10-311] analyzing module RAM32X1D_HD877
INFO: [VRFC 10-311] analyzing module RAM32X1D_HD878
INFO: [VRFC 10-311] analyzing module RAM32X1D_HD879
INFO: [VRFC 10-311] analyzing module RAM32X1D_HD880
INFO: [VRFC 10-311] analyzing module RAM32X1D_HD881
INFO: [VRFC 10-311] analyzing module RAM32X1D_HD882
INFO: [VRFC 10-311] analyzing module RAM32X1D_HD883
INFO: [VRFC 10-311] analyzing module RAM32X1D_HD884
INFO: [VRFC 10-311] analyzing module RAM32X1D_HD885
INFO: [VRFC 10-311] analyzing module RAM32X1D_HD886
INFO: [VRFC 10-311] analyzing module RAM32X1D_HD887
INFO: [VRFC 10-311] analyzing module RAM32X1D_HD888
INFO: [VRFC 10-311] analyzing module RAM32X1D_HD889
INFO: [VRFC 10-311] analyzing module RAM32X1D_HD890
INFO: [VRFC 10-311] analyzing module RAM32X1D_HD891
INFO: [VRFC 10-311] analyzing module RAM32X1D_HD892
INFO: [VRFC 10-311] analyzing module RAM32X1D_HD893
INFO: [VRFC 10-311] analyzing module RAM32X1D_HD894
INFO: [VRFC 10-311] analyzing module RAM32X1D_HD895
INFO: [VRFC 10-311] analyzing module RAM32X1D_HD896
INFO: [VRFC 10-311] analyzing module RAM32X1D_HD897
INFO: [VRFC 10-311] analyzing module RAM32X1D_HD898
INFO: [VRFC 10-311] analyzing module RAM32X1D_HD899
INFO: [VRFC 10-311] analyzing module RAM32X1D_HD900
INFO: [VRFC 10-311] analyzing module RAM32X1D_HD901
INFO: [VRFC 10-311] analyzing module RAM32X1D_HD902
INFO: [VRFC 10-311] analyzing module RAM32X1D_HD903
INFO: [VRFC 10-311] analyzing module RAM32X1D_HD904
INFO: [VRFC 10-311] analyzing module RAM32X1D_HD905
INFO: [VRFC 10-311] analyzing module RAM32X1D_HD906
INFO: [VRFC 10-311] analyzing module RAM32X1D_HD907
INFO: [VRFC 10-311] analyzing module RAM32X1D_HD908
INFO: [VRFC 10-311] analyzing module RAM32X1D_HD909
INFO: [VRFC 10-311] analyzing module RAM32X1D_HD910
INFO: [VRFC 10-311] analyzing module RAM32X1D_HD911
INFO: [VRFC 10-311] analyzing module RAM32X1D_HD912
INFO: [VRFC 10-311] analyzing module RAM32X1D_HD913
INFO: [VRFC 10-311] analyzing module RAM32X1D_HD914
INFO: [VRFC 10-311] analyzing module RAM32X1D_HD915
INFO: [VRFC 10-311] analyzing module RAM32X1D_HD916
INFO: [VRFC 10-311] analyzing module RAM32X1D_HD917
INFO: [VRFC 10-311] analyzing module RAM32X1D_HD918
INFO: [VRFC 10-311] analyzing module RAM32X1D_HD919
INFO: [VRFC 10-311] analyzing module RAM32X1D_HD920
INFO: [VRFC 10-311] analyzing module RAM32X1D_HD921
INFO: [VRFC 10-311] analyzing module RAM32X1D_HD922
INFO: [VRFC 10-311] analyzing module RAM32X1D_HD923
INFO: [VRFC 10-311] analyzing module RAM32X1D_HD924
INFO: [VRFC 10-311] analyzing module RAM32X1D_HD925
INFO: [VRFC 10-311] analyzing module RAM32X1D_HD926
INFO: [VRFC 10-311] analyzing module RAM32X1D_HD927
INFO: [VRFC 10-311] analyzing module RAM32X1D_HD928
INFO: [VRFC 10-311] analyzing module RAM32X1D_HD929
INFO: [VRFC 10-311] analyzing module RAM32X1D_HD930
INFO: [VRFC 10-311] analyzing module RAM32X1D_HD931
INFO: [VRFC 10-311] analyzing module RAM32X1D_HD932
INFO: [VRFC 10-311] analyzing module RAM32X1D_HD933
INFO: [VRFC 10-311] analyzing module RAM32X1D_HD934
INFO: [VRFC 10-311] analyzing module RAM32X1D_HD935
INFO: [VRFC 10-311] analyzing module RAM32X1D_HD936
INFO: [VRFC 10-311] analyzing module RAM32X1D_HD937
INFO: [VRFC 10-311] analyzing module RAM32X1D_HD938
INFO: [VRFC 10-311] analyzing module RAM32X1D_HD939
INFO: [VRFC 10-311] analyzing module RAM32X1D_HD940
INFO: [VRFC 10-311] analyzing module RAM32X1D_HD941
INFO: [VRFC 10-311] analyzing module RAM32X1D_HD942
INFO: [VRFC 10-311] analyzing module RAM32X1D_HD943
INFO: [VRFC 10-311] analyzing module RAM32X1D_HD944
INFO: [VRFC 10-311] analyzing module RAM32X1D_HD945
INFO: [VRFC 10-311] analyzing module RAM32X1D_HD946
INFO: [VRFC 10-311] analyzing module RAM32X1D_HD947
INFO: [VRFC 10-311] analyzing module RAM32X1D_HD948
INFO: [VRFC 10-311] analyzing module RAM32X1D_HD949
INFO: [VRFC 10-311] analyzing module RAM32X1D_HD950
INFO: [VRFC 10-311] analyzing module RAM32X1D_HD951
INFO: [VRFC 10-311] analyzing module RAM32X1D_HD952
INFO: [VRFC 10-311] analyzing module RAM32X1D_HD953
INFO: [VRFC 10-311] analyzing module RAM32X1D_HD954
INFO: [VRFC 10-311] analyzing module RAM32X1D_HD955
INFO: [VRFC 10-311] analyzing module RAM32X1D_HD956
INFO: [VRFC 10-311] analyzing module RAM32X1D_HD957
INFO: [VRFC 10-311] analyzing module RAM32X1D_HD958
INFO: [VRFC 10-311] analyzing module RAM32X1D_HD959
INFO: [VRFC 10-311] analyzing module RAM32X1D_HD960
INFO: [VRFC 10-311] analyzing module RAM32X1D_HD961
INFO: [VRFC 10-311] analyzing module RAM32X1D_HD962
INFO: [VRFC 10-311] analyzing module RAM32X1D_HD963
INFO: [VRFC 10-311] analyzing module RAM32X1D_HD964
INFO: [VRFC 10-311] analyzing module RAM32X1D_HD965
INFO: [VRFC 10-311] analyzing module RAM32X1D_HD966
INFO: [VRFC 10-311] analyzing module RAM32X1D_HD967
INFO: [VRFC 10-311] analyzing module RAM32X1D_HD968
INFO: [VRFC 10-311] analyzing module RAM32X1D_HD969
INFO: [VRFC 10-311] analyzing module RAM32X1D_HD970
INFO: [VRFC 10-311] analyzing module RAM32X1D_HD971
INFO: [VRFC 10-311] analyzing module RAM32X1D_HD972
INFO: [VRFC 10-311] analyzing module RAM32X1D_HD973
INFO: [VRFC 10-311] analyzing module RAM32X1D_HD974
INFO: [VRFC 10-311] analyzing module RAM32X1D_HD975
INFO: [VRFC 10-311] analyzing module RAM32X1D_HD976
INFO: [VRFC 10-311] analyzing module RAM32X1D_HD977
INFO: [VRFC 10-311] analyzing module RAM32X1D_HD978
INFO: [VRFC 10-311] analyzing module RAM32X1D_HD979
INFO: [VRFC 10-311] analyzing module RAM32X1D_HD980
INFO: [VRFC 10-311] analyzing module RAM32X1D_HD981
INFO: [VRFC 10-311] analyzing module RAM32X1D_HD982
INFO: [VRFC 10-311] analyzing module RAM32X1D_HD983
INFO: [VRFC 10-311] analyzing module RAM32X1D_HD984
INFO: [VRFC 10-311] analyzing module RAM32X1D_HD985
INFO: [VRFC 10-311] analyzing module RAM32X1D_HD986
INFO: [VRFC 10-311] analyzing module RAM32X1D_HD987
INFO: [VRFC 10-311] analyzing module RAM32X1D_HD988
INFO: [VRFC 10-311] analyzing module RAM32X1D_HD989
INFO: [VRFC 10-311] analyzing module RAM32X1D_HD990
INFO: [VRFC 10-311] analyzing module RAM32X1D_HD991
INFO: [VRFC 10-311] analyzing module RAM32X1D_HD992
INFO: [VRFC 10-311] analyzing module RAM32X1D_HD993
INFO: [VRFC 10-311] analyzing module RAM32X1D_HD994
INFO: [VRFC 10-311] analyzing module RAM32X1D_HD995
INFO: [VRFC 10-311] analyzing module RAM32X1D_HD996
INFO: [VRFC 10-311] analyzing module RAM32X1D_HD997
INFO: [VRFC 10-311] analyzing module RAM32X1D_HD998
INFO: [VRFC 10-311] analyzing module RAM32X1D_HD999
INFO: [VRFC 10-311] analyzing module dual_port_ram
INFO: [VRFC 10-311] analyzing module dual_port_ram_0
INFO: [VRFC 10-311] analyzing module dual_port_ram_1
INFO: [VRFC 10-311] analyzing module dual_port_ram_10
INFO: [VRFC 10-311] analyzing module dual_port_ram_11
INFO: [VRFC 10-311] analyzing module dual_port_ram_12
INFO: [VRFC 10-311] analyzing module dual_port_ram_13
INFO: [VRFC 10-311] analyzing module dual_port_ram_14
INFO: [VRFC 10-311] analyzing module dual_port_ram_2
INFO: [VRFC 10-311] analyzing module dual_port_ram_3
INFO: [VRFC 10-311] analyzing module dual_port_ram_4
INFO: [VRFC 10-311] analyzing module dual_port_ram_5
INFO: [VRFC 10-311] analyzing module dual_port_ram_6
INFO: [VRFC 10-311] analyzing module dual_port_ram_7
INFO: [VRFC 10-311] analyzing module dual_port_ram_8
INFO: [VRFC 10-311] analyzing module dual_port_ram_9
INFO: [VRFC 10-311] analyzing module mm_unit
INFO: [VRFC 10-311] analyzing module mma_unit
INFO: [VRFC 10-311] analyzing module mmx_unit
INFO: [VRFC 10-311] analyzing module mmx_unit_15
INFO: [VRFC 10-311] analyzing module multiplier_with_adder
INFO: [VRFC 10-311] analyzing module multiplier_with_adder_23
INFO: [VRFC 10-311] analyzing module multiplier_with_adder_24
INFO: [VRFC 10-311] analyzing module multiplier_with_adder_25
INFO: [VRFC 10-311] analyzing module ram_cell
INFO: [VRFC 10-311] analyzing module simple_multiplier
INFO: [VRFC 10-311] analyzing module simple_multiplier_16
INFO: [VRFC 10-311] analyzing module simple_multiplier_17
INFO: [VRFC 10-311] analyzing module simple_multiplier_18
INFO: [VRFC 10-311] analyzing module simple_multiplier_19
INFO: [VRFC 10-311] analyzing module simple_multiplier_20
INFO: [VRFC 10-311] analyzing module simple_multiplier_21
INFO: [VRFC 10-311] analyzing module simple_multiplier_22
INFO: [VRFC 10-311] analyzing module simple_multiplier_26
INFO: [VRFC 10-311] analyzing module simple_multiplier_27
INFO: [VRFC 10-311] analyzing module simple_multiplier_28
INFO: [VRFC 10-311] analyzing module simple_multiplier_29
INFO: [VRFC 10-311] analyzing module glbl
