INFO: [VRFC 10-163] Analyzing VHDL file "/home/vighnesh/project_4/project_4.sim/sim_1/synth/func/xsim/ram_cell_func_synth.vhd" into library xil_defaultlib
INFO: [VRFC 10-307] analyzing entity dual_port_ram
INFO: [VRFC 10-307] analyzing entity dual_port_ram_0
INFO: [VRFC 10-307] analyzing entity dual_port_ram_1
INFO: [VRFC 10-307] analyzing entity dual_port_ram_10
INFO: [VRFC 10-307] analyzing entity dual_port_ram_11
INFO: [VRFC 10-307] analyzing entity dual_port_ram_12
INFO: [VRFC 10-307] analyzing entity dual_port_ram_13
INFO: [VRFC 10-307] analyzing entity dual_port_ram_14
INFO: [VRFC 10-307] analyzing entity dual_port_ram_2
INFO: [VRFC 10-307] analyzing entity dual_port_ram_3
INFO: [VRFC 10-307] analyzing entity dual_port_ram_4
INFO: [VRFC 10-307] analyzing entity dual_port_ram_5
INFO: [VRFC 10-307] analyzing entity dual_port_ram_6
INFO: [VRFC 10-307] analyzing entity dual_port_ram_7
INFO: [VRFC 10-307] analyzing entity dual_port_ram_8
INFO: [VRFC 10-307] analyzing entity dual_port_ram_9
INFO: [VRFC 10-307] analyzing entity multiplier_with_adder
INFO: [VRFC 10-307] analyzing entity multiplier_with_adder_23
INFO: [VRFC 10-307] analyzing entity multiplier_with_adder_24
INFO: [VRFC 10-307] analyzing entity multiplier_with_adder_25
INFO: [VRFC 10-307] analyzing entity simple_multiplier
INFO: [VRFC 10-307] analyzing entity simple_multiplier_16
INFO: [VRFC 10-307] analyzing entity simple_multiplier_17
INFO: [VRFC 10-307] analyzing entity simple_multiplier_18
INFO: [VRFC 10-307] analyzing entity simple_multiplier_19
INFO: [VRFC 10-307] analyzing entity simple_multiplier_20
INFO: [VRFC 10-307] analyzing entity simple_multiplier_21
INFO: [VRFC 10-307] analyzing entity simple_multiplier_22
INFO: [VRFC 10-307] analyzing entity simple_multiplier_26
INFO: [VRFC 10-307] analyzing entity simple_multiplier_27
INFO: [VRFC 10-307] analyzing entity simple_multiplier_28
INFO: [VRFC 10-307] analyzing entity simple_multiplier_29
INFO: [VRFC 10-307] analyzing entity mm_unit
INFO: [VRFC 10-307] analyzing entity mma_unit
INFO: [VRFC 10-307] analyzing entity mmx_unit
INFO: [VRFC 10-307] analyzing entity mmx_unit_15
INFO: [VRFC 10-307] analyzing entity ram_cell
